C:\Users\X11\Documents\GitHub\DarkChannel\Debug\cl.command.1.tlog
C:\Users\X11\Documents\GitHub\DarkChannel\Debug\CL.read.1.tlog
C:\Users\X11\Documents\GitHub\DarkChannel\Debug\CL.write.1.tlog
C:\USERS\X11\DOCUMENTS\GITHUB\DARKCHANNEL\DEBUG\DARKCHANNEL.EXE
C:\USERS\X11\DOCUMENTS\GITHUB\DARKCHANNEL\DEBUG\DARKCHANNEL.EXE.EMBED.MANIFEST
C:\USERS\X11\DOCUMENTS\GITHUB\DARKCHANNEL\DEBUG\DARKCHANNEL.EXE.EMBED.MANIFEST.RES
C:\USERS\X11\DOCUMENTS\GITHUB\DARKCHANNEL\DEBUG\DARKCHANNEL.EXE.INTERMEDIATE.MANIFEST
C:\USERS\X11\DOCUMENTS\GITHUB\DARKCHANNEL\DEBUG\DARKCHANNEL.ILK
C:\USERS\X11\DOCUMENTS\GITHUB\DARKCHANNEL\DEBUG\DARKCHANNEL.OBJ
C:\USERS\X11\DOCUMENTS\GITHUB\DARKCHANNEL\DEBUG\DARKCHANNEL.PDB
C:\Users\X11\Documents\GitHub\DarkChannel\Debug\DarkChannel_manifest.rc
C:\Users\X11\Documents\GitHub\DarkChannel\Debug\link.7884.read.1.tlog
C:\Users\X11\Documents\GitHub\DarkChannel\Debug\link.7884.write.1.tlog
C:\Users\X11\Documents\GitHub\DarkChannel\Debug\link.7884-cvtres.read.1.tlog
C:\Users\X11\Documents\GitHub\DarkChannel\Debug\link.7884-cvtres.write.1.tlog
C:\Users\X11\Documents\GitHub\DarkChannel\Debug\link.command.1.tlog
C:\Users\X11\Documents\GitHub\DarkChannel\Debug\link.read.1.tlog
C:\Users\X11\Documents\GitHub\DarkChannel\Debug\link.write.1.tlog
C:\Users\X11\Documents\GitHub\DarkChannel\Debug\link-cvtres.read.1.tlog
C:\Users\X11\Documents\GitHub\DarkChannel\Debug\link-cvtres.write.1.tlog
C:\Users\X11\Documents\GitHub\DarkChannel\Debug\mt.command.1.tlog
C:\Users\X11\Documents\GitHub\DarkChannel\Debug\mt.read.1.tlog
C:\Users\X11\Documents\GitHub\DarkChannel\Debug\mt.write.1.tlog
C:\Users\X11\Documents\GitHub\DarkChannel\Debug\rc.command.1.tlog
C:\Users\X11\Documents\GitHub\DarkChannel\Debug\rc.read.1.tlog
C:\Users\X11\Documents\GitHub\DarkChannel\Debug\rc.write.1.tlog
C:\Users\X11\Documents\GitHub\DarkChannel\Debug\vc100.idb
C:\USERS\X11\DOCUMENTS\GITHUB\DARKCHANNEL\DEBUG\VC100.PDB
